2023-02-06 23:47:00.309 [info] Extension host with pid 10134 started
2023-02-06 23:47:00.406 [info] ExtensionService#_doActivateExtension vscode.emmet, startup: false, activationEvent: 'onLanguage'
2023-02-06 23:47:00.435 [info] ExtensionService#_doActivateExtension vscode.git-base, startup: true, activationEvent: '*', root cause: vscode.git
2023-02-06 23:47:00.459 [info] ExtensionService#_doActivateExtension vscode.git, startup: true, activationEvent: '*'
2023-02-06 23:47:00.585 [info] ExtensionService#_doActivateExtension vscode.github, startup: true, activationEvent: '*'
2023-02-06 23:47:00.751 [info] Eager extensions activated
2023-02-06 23:47:00.757 [info] ExtensionService#_doActivateExtension vscode.debug-auto-launch, startup: false, activationEvent: 'onStartupFinished'
2023-02-06 23:47:00.759 [info] ExtensionService#_doActivateExtension vscode.merge-conflict, startup: false, activationEvent: 'onStartupFinished'
2023-02-06 23:47:00.825 [info] ExtensionService#_doActivateExtension vscode.github-authentication, startup: false, activationEvent: 'onAuthenticationRequest:github'
2023-02-06 23:47:00.982 [info] ExtensionService#_doActivateExtension vscode.microsoft-authentication, startup: false, activationEvent: 'onAuthenticationRequest:microsoft'
2023-02-06 23:47:27.406 [info] ExtensionService#_doActivateExtension ritwickdey.LiveServer, startup: false, activationEvent: 'onStartupFinished'
2023-02-06 23:47:39.778 [info] ExtensionService#_doActivateExtension nikhilmjeby.black-box, startup: false, activationEvent: 'onStartupFinished'
2023-02-06 23:47:40.260 [error] Activating extension nikhilmjeby.black-box failed due to an error:
2023-02-06 23:47:40.260 [error] TypeError: Cannot read properties of undefined (reading 'protocol')
	at WebSocketClient.connect (/home/chetan/.vscode/extensions/nikhilmjeby.black-box-1.0.4/node_modules/websocket/lib/WebSocketClient.js:141:19)
	at activate (/home/chetan/.vscode/extensions/nikhilmjeby.black-box-1.0.4/extension.js:99:11)
	at process.processTicksAndRejections (node:internal/process/task_queues:96:5)
	at async f.n (/usr/share/code/resources/app/out/vs/workbench/api/node/extensionHostProcess.js:94:6818)
	at async f.m (/usr/share/code/resources/app/out/vs/workbench/api/node/extensionHostProcess.js:94:6781)
	at async f.l (/usr/share/code/resources/app/out/vs/workbench/api/node/extensionHostProcess.js:94:6238)
2023-02-06 23:48:11.637 [info] ExtensionService#_doActivateExtension ecmel.vscode-html-css, startup: false, activationEvent: '*'
2023-02-06 23:48:22.618 [info] Extension host terminating: renderer closed the MessagePort
2023-02-06 23:48:22.624 [info] Extension host with pid 10134 exiting with code 0
