2023-02-21 17:21:08.788 [info] Extension host with pid 4800 started
2023-02-21 17:21:08.875 [info] ExtensionService#_doActivateExtension vscode.emmet, startup: false, activationEvent: 'onLanguage'
2023-02-21 17:21:08.901 [info] ExtensionService#_doActivateExtension vscode.git-base, startup: true, activationEvent: '*', root cause: vscode.git
2023-02-21 17:21:08.904 [info] ExtensionService#_doActivateExtension ecmel.vscode-html-css, startup: true, activationEvent: '*'
2023-02-21 17:21:09.021 [info] ExtensionService#_doActivateExtension vscode.git, startup: true, activationEvent: '*'
2023-02-21 17:21:09.160 [info] ExtensionService#_doActivateExtension vscode.github, startup: true, activationEvent: '*'
2023-02-21 17:21:09.222 [info] ExtensionService#_doActivateExtension vscode.github-authentication, startup: false, activationEvent: 'onAuthenticationRequest:github'
2023-02-21 17:21:09.320 [info] Eager extensions activated
2023-02-21 17:21:09.365 [info] ExtensionService#_doActivateExtension vscode.debug-auto-launch, startup: false, activationEvent: 'onStartupFinished'
2023-02-21 17:21:09.368 [info] ExtensionService#_doActivateExtension vscode.merge-conflict, startup: false, activationEvent: 'onStartupFinished'
2023-02-21 17:21:09.423 [info] ExtensionService#_doActivateExtension nikhilmjeby.black-box, startup: false, activationEvent: 'onStartupFinished'
2023-02-21 17:21:09.563 [info] ExtensionService#_doActivateExtension ritwickdey.LiveServer, startup: false, activationEvent: 'onStartupFinished'
2023-02-21 17:21:09.638 [info] ExtensionService#_doActivateExtension vscode.microsoft-authentication, startup: false, activationEvent: 'onAuthenticationRequest:microsoft'
2023-02-21 17:21:10.213 [error] Activating extension nikhilmjeby.black-box failed due to an error:
2023-02-21 17:21:10.213 [error] TypeError: Cannot read properties of undefined (reading 'protocol')
	at WebSocketClient.connect (/home/chetan/.vscode/extensions/nikhilmjeby.black-box-1.0.4/node_modules/websocket/lib/WebSocketClient.js:141:19)
	at activate (/home/chetan/.vscode/extensions/nikhilmjeby.black-box-1.0.4/extension.js:99:11)
	at process.processTicksAndRejections (node:internal/process/task_queues:96:5)
	at async f.n (/usr/share/code/resources/app/out/vs/workbench/api/node/extensionHostProcess.js:94:6818)
	at async f.m (/usr/share/code/resources/app/out/vs/workbench/api/node/extensionHostProcess.js:94:6781)
	at async f.l (/usr/share/code/resources/app/out/vs/workbench/api/node/extensionHostProcess.js:94:6238)
2023-02-21 17:21:20.884 [info] Extension host terminating: renderer closed the MessagePort
2023-02-21 17:21:20.889 [info] Extension host with pid 4800 exiting with code 0
2023-02-21 17:21:21.722 [info] Extension host with pid 4883 started
2023-02-21 17:21:21.747 [info] ExtensionService#_doActivateExtension vscode.emmet, startup: false, activationEvent: 'onLanguage'
2023-02-21 17:21:21.772 [info] ExtensionService#_doActivateExtension vscode.github-authentication, startup: false, activationEvent: 'onAuthenticationRequest:github'
2023-02-21 17:21:21.802 [info] ExtensionService#_doActivateExtension vscode.git-base, startup: true, activationEvent: '*', root cause: vscode.git
2023-02-21 17:21:21.804 [info] ExtensionService#_doActivateExtension ecmel.vscode-html-css, startup: true, activationEvent: '*'
2023-02-21 17:21:21.855 [info] ExtensionService#_doActivateExtension vscode.git, startup: true, activationEvent: '*'
2023-02-21 17:21:21.873 [info] ExtensionService#_doActivateExtension vscode.github, startup: true, activationEvent: '*'
2023-02-21 17:21:21.889 [info] ExtensionService#_doActivateExtension vscode.microsoft-authentication, startup: false, activationEvent: 'onAuthenticationRequest:microsoft'
2023-02-21 17:21:21.916 [info] Eager extensions activated
2023-02-21 17:21:21.924 [info] ExtensionService#_doActivateExtension vscode.debug-auto-launch, startup: false, activationEvent: 'onStartupFinished'
2023-02-21 17:21:21.927 [info] ExtensionService#_doActivateExtension vscode.merge-conflict, startup: false, activationEvent: 'onStartupFinished'
2023-02-21 17:21:21.951 [info] ExtensionService#_doActivateExtension nikhilmjeby.black-box, startup: false, activationEvent: 'onStartupFinished'
2023-02-21 17:21:21.995 [info] ExtensionService#_doActivateExtension ritwickdey.LiveServer, startup: false, activationEvent: 'onStartupFinished'
2023-02-21 17:21:22.521 [error] Activating extension nikhilmjeby.black-box failed due to an error:
2023-02-21 17:21:22.521 [error] TypeError: Cannot read properties of undefined (reading 'protocol')
	at WebSocketClient.connect (/home/chetan/.vscode/extensions/nikhilmjeby.black-box-1.0.4/node_modules/websocket/lib/WebSocketClient.js:141:19)
	at activate (/home/chetan/.vscode/extensions/nikhilmjeby.black-box-1.0.4/extension.js:99:11)
	at process.processTicksAndRejections (node:internal/process/task_queues:96:5)
	at async f.n (/usr/share/code/resources/app/out/vs/workbench/api/node/extensionHostProcess.js:94:6818)
	at async f.m (/usr/share/code/resources/app/out/vs/workbench/api/node/extensionHostProcess.js:94:6781)
	at async f.l (/usr/share/code/resources/app/out/vs/workbench/api/node/extensionHostProcess.js:94:6238)
2023-02-21 17:21:33.786 [info] Extension host terminating: renderer closed the MessagePort
2023-02-21 17:21:33.794 [info] Extension host with pid 4883 exiting with code 0
